<?xml version="1.0" encoding="UTF-8"?>
<!-- Generated by org.testng.reporters.JUnitReportReporter -->
<testsuite hostname="DESKTOP-5FQ3IGC" failures="0" tests="1" name="SourceBase.webapp.HomePageTest" time="26.647" errors="0" timestamp="2021-07-26T10:53:07 IST" skipped="0">
  <testcase classname="SourceBase.webapp.HomePageTest" name="basePageNavigation" time="26.647"/>
  <system-out/>
</testsuite> <!-- SourceBase.webapp.HomePageTest -->
