<?xml version="1.0" encoding="UTF-8"?>
<!-- Generated by org.testng.reporters.JUnitReportReporter -->
<testsuite hostname="DESKTOP-5FQ3IGC" failures="0" tests="1" name="com.appium.tests.Base" time="0.008" errors="0" timestamp="2021-04-22T18:38:49 IST" skipped="0">
  <testcase classname="com.appium.tests.Base" name="sampleTest" time="0.008"/>
  <system-out/>
</testsuite> <!-- com.appium.tests.Base -->
