<?xml version="1.0" encoding="UTF-8"?>
<!-- Generated by org.testng.reporters.JUnitReportReporter -->
<testsuite hostname="DESKTOP-5FQ3IGC" failures="0" tests="14" name="com.qa.amazon.testcases.HomePageTest" time="337.977" errors="0" timestamp="2021-08-09T16:04:45 IST" skipped="0">
  <testcase classname="com.qa.amazon.testcases.HomePageTest" name="homePageatitleTest" time="23.264"/>
  <system-out/>
  <testcase classname="com.qa.amazon.testcases.HomePageTest" name="homeLinkTest" time="24.942"/>
  <system-out/>
  <testcase classname="com.qa.amazon.testcases.HomePageTest" name="calendarLinkTest" time="25.361"/>
  <system-out/>
  <testcase classname="com.qa.amazon.testcases.HomePageTest" name="contactsLinkTest" time="19.658"/>
  <system-out/>
  <testcase classname="com.qa.amazon.testcases.HomePageTest" name="companiesLinkTest" time="21.629"/>
  <system-out/>
  <testcase classname="com.qa.amazon.testcases.HomePageTest" name="dealsLinkTest" time="24.980"/>
  <system-out/>
  <testcase classname="com.qa.amazon.testcases.HomePageTest" name="tasksLinkTest" time="23.719"/>
  <system-out/>
  <testcase classname="com.qa.amazon.testcases.HomePageTest" name="casesLinkTest" time="24.100"/>
  <system-out/>
  <testcase classname="com.qa.amazon.testcases.HomePageTest" name="callsLinkTest" time="25.632"/>
  <system-out/>
  <testcase classname="com.qa.amazon.testcases.HomePageTest" name="documentsLinkTest" time="20.609"/>
  <system-out/>
  <testcase classname="com.qa.amazon.testcases.HomePageTest" name="emailLinkTest" time="26.415"/>
  <system-out/>
  <testcase classname="com.qa.amazon.testcases.HomePageTest" name="campaignsLinkTest" time="22.289"/>
  <system-out/>
  <testcase classname="com.qa.amazon.testcases.HomePageTest" name="formsLinkTest" time="26.221"/>
  <system-out/>
  <testcase classname="com.qa.amazon.testcases.HomePageTest" name="userNameTest" time="29.158"/>
  <system-out/>
</testsuite> <!-- com.qa.amazon.testcases.HomePageTest -->
