<?xml version="1.0" encoding="UTF-8"?>
<!-- Generated by org.testng.reporters.JUnitReportReporter -->
<testsuite hostname="DESKTOP-5FQ3IGC" failures="0" tests="1" name="com.qa.amazon.testcases.CalendarPageTest" time="24.529" errors="0" timestamp="2021-08-02T22:18:24 IST" skipped="0">
  <testcase classname="com.qa.amazon.testcases.CalendarPageTest" name="createNeweventTextTest" time="24.529"/>
  <system-out/>
</testsuite> <!-- com.qa.amazon.testcases.CalendarPageTest -->
