<?xml version="1.0" encoding="UTF-8"?>
<!-- Generated by org.testng.reporters.JUnitReportReporter -->
<testsuite hostname="DESKTOP-5FQ3IGC" failures="0" tests="5" name="com.qa.amazon.testcases.LoginPageTest" time="101.387" errors="0" timestamp="2021-08-09T09:48:25 IST" skipped="0">
  <testcase classname="com.qa.amazon.testcases.LoginPageTest" name="PageTitleTest" time="15.269"/>
  <system-out/>
  <testcase classname="com.qa.amazon.testcases.LoginPageTest" name="forgotPasswordTest" time="20.386"/>
  <system-out/>
  <testcase classname="com.qa.amazon.testcases.LoginPageTest" name="crmProClassicUserTest" time="21.368"/>
  <system-out/>
  <testcase classname="com.qa.amazon.testcases.LoginPageTest" name="signupLinkTest" time="21.312"/>
  <system-out/>
  <testcase classname="com.qa.amazon.testcases.LoginPageTest" name="LoginTest" time="23.052"/>
  <system-out/>
</testsuite> <!-- com.qa.amazon.testcases.LoginPageTest -->
