<?xml version="1.0" encoding="UTF-8"?>
<!-- Generated by org.testng.reporters.JUnitReportReporter -->
<testsuite hostname="DESKTOP-5FQ3IGC" failures="0" tests="14" name="com.qa.amazon.testcases.HomePageTest" time="297.729" errors="0" timestamp="2021-08-09T09:48:25 IST" skipped="0">
  <testcase classname="com.qa.amazon.testcases.HomePageTest" name="homePageatitleTest" time="18.455"/>
  <system-out/>
  <testcase classname="com.qa.amazon.testcases.HomePageTest" name="homeLinkTest" time="22.082"/>
  <system-out/>
  <testcase classname="com.qa.amazon.testcases.HomePageTest" name="calendarLinkTest" time="22.950"/>
  <system-out/>
  <testcase classname="com.qa.amazon.testcases.HomePageTest" name="contactsLinkTest" time="20.491"/>
  <system-out/>
  <testcase classname="com.qa.amazon.testcases.HomePageTest" name="companiesLinkTest" time="19.441"/>
  <system-out/>
  <testcase classname="com.qa.amazon.testcases.HomePageTest" name="dealsLinkTest" time="20.406"/>
  <system-out/>
  <testcase classname="com.qa.amazon.testcases.HomePageTest" name="tasksLinkTest" time="22.824"/>
  <system-out/>
  <testcase classname="com.qa.amazon.testcases.HomePageTest" name="casesLinkTest" time="21.970"/>
  <system-out/>
  <testcase classname="com.qa.amazon.testcases.HomePageTest" name="callsLinkTest" time="22.916"/>
  <system-out/>
  <testcase classname="com.qa.amazon.testcases.HomePageTest" name="documentsLinkTest" time="22.831"/>
  <system-out/>
  <testcase classname="com.qa.amazon.testcases.HomePageTest" name="emailLinkTest" time="18.764"/>
  <system-out/>
  <testcase classname="com.qa.amazon.testcases.HomePageTest" name="campaignsLinkTest" time="23.281"/>
  <system-out/>
  <testcase classname="com.qa.amazon.testcases.HomePageTest" name="formsLinkTest" time="22.479"/>
  <system-out/>
  <testcase classname="com.qa.amazon.testcases.HomePageTest" name="userNameTest" time="18.839"/>
  <system-out/>
</testsuite> <!-- com.qa.amazon.testcases.HomePageTest -->
